[2017-02-09 00:34:21] local.ERROR: exception 'Symfony\Component\Debug\Exception\FatalErrorException' with message 'syntax error, unexpected '}'' in /var/www/djstore/storage/framework/views/ec9524c524e0e5814891336d85e9cc50:98
Stack trace:
#0 {main}  
[2017-02-09 00:35:23] local.ERROR: exception 'Symfony\Component\Debug\Exception\FatalErrorException' with message 'syntax error, unexpected '}'' in /var/www/djstore/storage/framework/views/ec9524c524e0e5814891336d85e9cc50:98
Stack trace:
#0 {main}  
[2017-02-09 00:35:26] local.ERROR: exception 'Symfony\Component\Debug\Exception\FatalErrorException' with message 'syntax error, unexpected '}'' in /var/www/djstore/storage/framework/views/ec9524c524e0e5814891336d85e9cc50:98
Stack trace:
#0 {main}  
[2017-02-09 00:35:27] local.ERROR: exception 'Symfony\Component\Debug\Exception\FatalErrorException' with message 'syntax error, unexpected '}'' in /var/www/djstore/storage/framework/views/ec9524c524e0e5814891336d85e9cc50:98
Stack trace:
#0 {main}  
[2017-02-09 00:36:25] local.ERROR: exception 'Symfony\Component\Debug\Exception\FatalErrorException' with message 'syntax error, unexpected '}'' in /var/www/djstore/storage/framework/views/ec9524c524e0e5814891336d85e9cc50:98
Stack trace:
#0 {main}  
[2017-02-09 00:38:26] local.ERROR: exception 'Symfony\Component\Debug\Exception\FatalErrorException' with message 'syntax error, unexpected '}'' in /var/www/djstore/storage/framework/views/ec9524c524e0e5814891336d85e9cc50:98
Stack trace:
#0 {main}  
[2017-02-09 00:39:15] local.ERROR: exception 'Symfony\Component\Debug\Exception\FatalErrorException' with message 'Call to a member function delete() on null' in /var/www/djstore/app/Http/Controllers/PembelianController.php:45
Stack trace:
#0 {main}  
[2017-02-09 00:39:45] local.ERROR: exception 'Symfony\Component\Debug\Exception\FatalErrorException' with message 'Call to a member function delete() on null' in /var/www/djstore/app/Http/Controllers/PembelianController.php:45
Stack trace:
#0 {main}  
[2017-02-09 00:40:23] local.ERROR: exception 'Symfony\Component\Debug\Exception\FatalErrorException' with message 'Call to a member function delete() on null' in /var/www/djstore/app/Http/Controllers/PembelianController.php:45
Stack trace:
#0 {main}  
[2017-02-09 00:42:36] local.ERROR: exception 'Symfony\Component\Debug\Exception\FatalErrorException' with message 'Call to a member function delete() on null' in /var/www/djstore/app/Http/Controllers/PembelianController.php:45
Stack trace:
#0 {main}  
[2017-02-09 00:42:50] local.ERROR: exception 'Symfony\Component\Debug\Exception\FatalErrorException' with message 'syntax error, unexpected ')'' in /var/www/djstore/storage/framework/views/ec9524c524e0e5814891336d85e9cc50:98
Stack trace:
#0 {main}  
